Unity Editor version:    2022.3.19f1 (244b723c30a6)
Branch:                  2022.3/staging
Build type:              Release
Batch mode:              YES
macOS version:           Version 14.3.1 (Build 23D60)
Darwin version:          23.3.0
Architecture:            arm64
Running under Rosetta:   NO
Available memory:        8192 MB
Using pre-set license
Pro License: YES

COMMAND LINE ARGUMENTS:
/Applications/Unity/Hub/Editor/2022.3.19f1/Unity.app/Contents/MacOS/Unity
-adb2
-batchMode
-noUpm
-name
AssetImportWorker0
-projectPath
/Users/lixiang/GameEngine1_Personal
-logFile
Logs/AssetImportWorker0.log
-srvPort
49311
Successfully changed project path to: /Users/lixiang/GameEngine1_Personal
/Users/lixiang/GameEngine1_Personal
[UnityMemory] Configuration Parameters - Can be set up in boot.config
    "memorysetup-bucket-allocator-granularity=16"
    "memorysetup-bucket-allocator-bucket-count=8"
    "memorysetup-bucket-allocator-block-size=33554432"
    "memorysetup-bucket-allocator-block-count=8"
    "memorysetup-main-allocator-block-size=16777216"
    "memorysetup-thread-allocator-block-size=16777216"
    "memorysetup-gfx-main-allocator-block-size=16777216"
    "memorysetup-gfx-thread-allocator-block-size=16777216"
    "memorysetup-cache-allocator-block-size=4194304"
    "memorysetup-typetree-allocator-block-size=2097152"
    "memorysetup-profiler-bucket-allocator-granularity=16"
    "memorysetup-profiler-bucket-allocator-bucket-count=8"
    "memorysetup-profiler-bucket-allocator-block-size=33554432"
    "memorysetup-profiler-bucket-allocator-block-count=8"
    "memorysetup-profiler-allocator-block-size=16777216"
    "memorysetup-profiler-editor-allocator-block-size=1048576"
    "memorysetup-temp-allocator-size-main=16777216"
    "memorysetup-job-temp-allocator-block-size=2097152"
    "memorysetup-job-temp-allocator-block-size-background=1048576"
    "memorysetup-job-temp-allocator-reduction-small-platforms=262144"
    "memorysetup-allocator-temp-initial-block-size-main=262144"
    "memorysetup-allocator-temp-initial-block-size-worker=262144"
    "memorysetup-temp-allocator-size-background-worker=32768"
    "memorysetup-temp-allocator-size-job-worker=262144"
    "memorysetup-temp-allocator-size-preload-manager=33554432"
    "memorysetup-temp-allocator-size-nav-mesh-worker=65536"
    "memorysetup-temp-allocator-size-audio-worker=65536"
    "memorysetup-temp-allocator-size-cloud-worker=32768"
    "memorysetup-temp-allocator-size-gi-baking-worker=262144"
    "memorysetup-temp-allocator-size-gfx=262144"
Player connection [7939120192] Host "[IP] 192.168.1.101 [Port] 0 [Flags] 2 [Guid] 658803622 [EditorId] 658803622 [Version] 1048832 [Id] OSXEditor(0,lixiangdeMacBook-Air.local) [Debug] 1 [PackageName] OSXEditor [ProjectName] Editor" joined multi-casting on [225.0.0.222:54997]...

Player connection [7939120192] Host "[IP] 192.168.1.101 [Port] 0 [Flags] 2 [Guid] 658803622 [EditorId] 658803622 [Version] 1048832 [Id] OSXEditor(0,lixiangdeMacBook-Air.local) [Debug] 1 [PackageName] OSXEditor [ProjectName] Editor" joined alternative multi-casting on [225.0.0.222:34997]...

[Physics::Module] Initialized MultithreadedJobDispatcher with 7 workers.
Refreshing native plugins compatible for Editor in 10.88 ms, found 2 plugins.
Preloading 0 native plugins for Editor in 0.00 ms.
Initialize engine version: 2022.3.19f1 (244b723c30a6)
[Subsystems] Discovering subsystems at path /Applications/Unity/Hub/Editor/2022.3.19f1/Unity.app/Contents/Resources/UnitySubsystems
[Subsystems] Discovering subsystems at path /Users/lixiang/GameEngine1_Personal/Assets
GfxDevice: creating device client; threaded=0; jobified=0
 preferred device: Apple M1 (high power)
Metal devices available: 1
0: Apple M1 (high power)
Using device Apple M1 (high power)
Initializing Metal device caps: Apple M1
Initialize mono
Mono path[0] = '/Applications/Unity/Hub/Editor/2022.3.19f1/Unity.app/Contents/Managed'
Mono path[1] = '/Applications/Unity/Hub/Editor/2022.3.19f1/Unity.app/Contents/MonoBleedingEdge/lib/mono/unityjit-macos'
Mono config path = '/Applications/Unity/Hub/Editor/2022.3.19f1/Unity.app/Contents/MonoBleedingEdge/etc'
Using monoOptions --debugger-agent=transport=dt_socket,embedding=1,server=y,suspend=n,address=127.0.0.1:56509
Begin MonoManager ReloadAssembly
Registering precompiled unity dll's ...
Register platform support module: /Applications/Unity/Hub/Editor/2022.3.19f1/Unity.app/Contents/PlaybackEngines/MacStandaloneSupport/UnityEditor.OSXStandalone.Extensions.dll
Register platform support module: /Applications/Unity/Hub/Editor/2022.3.19f1/PlaybackEngines/AndroidPlayer/UnityEditor.Android.Extensions.dll
Register platform support module: /Applications/Unity/Hub/Editor/2022.3.19f1/PlaybackEngines/iOSSupport/UnityEditor.iOS.Extensions.dll
Registered in 0.004409 seconds.
- Loaded All Assemblies, in  0.297 seconds
[usbmuxd] Start listen thread
[usbmuxd] Listen thread started
[usbmuxd] Send listen message
Native extension for iOS target not found
Native extension for Android target not found
Android Extension - Scanning For ADB Devices 232 ms
Native extension for OSXStandalone target not found
Mono: successfully reloaded assembly
- Finished resetting the current domain, in  0.491 seconds
Domain Reload Profiling: 788ms
	BeginReloadAssembly (103ms)
		ExecutionOrderSort (0ms)
		DisableScriptedObjects (0ms)
		BackupInstance (0ms)
		ReleaseScriptingObjects (0ms)
		CreateAndSetChildDomain (0ms)
	RebuildCommonClasses (26ms)
	RebuildNativeTypeToScriptingClass (8ms)
	initialDomainReloadingComplete (41ms)
	LoadAllAssembliesAndSetupDomain (119ms)
		LoadAssemblies (104ms)
		RebuildTransferFunctionScriptingTraits (0ms)
		AnalyzeDomain (116ms)
			TypeCache.Refresh (115ms)
				TypeCache.ScanAssembly (103ms)
			ScanForSourceGeneratedMonoScriptInfo (0ms)
			ResolveRequiredComponents (1ms)
	FinalizeReload (491ms)
		ReleaseScriptCaches (0ms)
		RebuildScriptCaches (0ms)
		SetupLoadedEditorAssemblies (456ms)
			LogAssemblyErrors (0ms)
			InitializePlatformSupportModulesInManaged (369ms)
			SetLoadedEditorAssemblies (2ms)
			RefreshPlugins (0ms)
			BeforeProcessingInitializeOnLoad (2ms)
			ProcessInitializeOnLoadAttributes (59ms)
			ProcessInitializeOnLoadMethodAttributes (25ms)
			AfterProcessingInitializeOnLoad (0ms)
			EditorAssembliesLoaded (0ms)
		ExecutionOrderSort2 (0ms)
		AwakeInstancesAfterBackupRestoration (0ms)
========================================================================
Worker process is ready to serve import requests
Begin MonoManager ReloadAssembly
- Loaded All Assemblies, in  0.604 seconds
Refreshing native plugins compatible for Editor in 2.01 ms, found 2 plugins.
Native extension for iOS target not found
Native extension for Android target not found
Native extension for OSXStandalone target not found
Package Manager log level set to [2]
[Package Manager] Server::EnsureServerProcessIsRunning -- launch failed, reason: Unity was launched with the -noUpm command-line argument
[Package Manager] UpmClient::Send -- Unable to send message (not connected to UPM process).
[Package Manager] Cannot connect to Unity Package Manager local server
Mono: successfully reloaded assembly
- Finished resetting the current domain, in  0.664 seconds
Domain Reload Profiling: 1271ms
	BeginReloadAssembly (110ms)
		ExecutionOrderSort (0ms)
		DisableScriptedObjects (3ms)
		BackupInstance (0ms)
		ReleaseScriptingObjects (0ms)
		CreateAndSetChildDomain (24ms)
	RebuildCommonClasses (24ms)
	RebuildNativeTypeToScriptingClass (8ms)
	initialDomainReloadingComplete (24ms)
	LoadAllAssembliesAndSetupDomain (441ms)
		LoadAssemblies (291ms)
		RebuildTransferFunctionScriptingTraits (0ms)
		AnalyzeDomain (196ms)
			TypeCache.Refresh (169ms)
				TypeCache.ScanAssembly (133ms)
			ScanForSourceGeneratedMonoScriptInfo (18ms)
			ResolveRequiredComponents (9ms)
	FinalizeReload (664ms)
		ReleaseScriptCaches (0ms)
		RebuildScriptCaches (0ms)
		SetupLoadedEditorAssemblies (532ms)
			LogAssemblyErrors (0ms)
			InitializePlatformSupportModulesInManaged (22ms)
			SetLoadedEditorAssemblies (2ms)
			RefreshPlugins (0ms)
			BeforeProcessingInitializeOnLoad (46ms)
			ProcessInitializeOnLoadAttributes (394ms)
			ProcessInitializeOnLoadMethodAttributes (67ms)
			AfterProcessingInitializeOnLoad (1ms)
			EditorAssembliesLoaded (0ms)
		ExecutionOrderSort2 (0ms)
		AwakeInstancesAfterBackupRestoration (2ms)
Launching external process: /Applications/Unity/Hub/Editor/2022.3.19f1/Unity.app/Contents/Tools/UnityShaderCompiler
Launched and connected shader compiler UnityShaderCompiler after 0.10 seconds
Refreshing native plugins compatible for Editor in 1.22 ms, found 2 plugins.
Preloading 0 native plugins for Editor in 0.00 ms.
Unloading 6714 Unused Serialized files (Serialized files now loaded: 0)
Unloading 147 unused Assets / (3.9 MB). Loaded Objects now: 7153.
Memory consumption went from 386.9 MB to 383.0 MB.
Total: 24.054333 ms (FindLiveObjects: 1.455709 ms CreateObjectMapping: 0.439083 ms MarkObjects: 18.516458 ms  DeleteObjects: 3.642042 ms)

AssetImportParameters requested are different than current active one (requested -> active):
  custom:container-demuxer-ogg: 62fdf1f143b41e24485cea50d1cbac27 -> 
  custom:container-muxer-webm: aa71ff27fc2769a1b78a27578f13a17b -> 
  custom:video-decoder-webm-vp8: 9c59270c3fd7afecdb556c50c9e8de78 -> 
  custom:SearchIndexIgnoredProperties: e643bd26f0fe6173181afceb89e7c659 -> 
  custom:AudioImporter_EditorPlatform: 3918e3fc78b5a79bad01e8451be0beb8 -> 
  custom:audio-decoder-ogg-vorbis: bf7c407c2cedff20999df2af8eb42d56 -> 
  custom:audio-encoder-webm-vorbis: bf7c407c2cedff20999df2af8eb42d56 -> 
  custom:video-decoder-ogg-theora: a1e56fd34408186e4bbccfd4996cb3dc -> 
  custom:CustomObjectIndexerAttribute: 0f5f72dab822025b0759b197a3119d15 -> 
  custom:container-demuxer-webm: 4f35f7cbe854078d1ac9338744f61a02 -> 
  custom:framework-osx-AVFoundation: e770b220cccbd017edd2c1fefb359320 -> 
  custom:video-encoder-webm-vp8: eb34c28f22e8b96e1ab97ce403110664 -> 
========================================================================
Received Import Request.
  Time since last request: 18233.114375 seconds.
  path: Assets/XiangPrefab
  artifactKey: Guid(a80e98a0d4b9740fbbb4bf4ef678d02d) Importer(815301076,1909f56bfc062723c751e8b465ee728b)
Start importing Assets/XiangPrefab using Guid(a80e98a0d4b9740fbbb4bf4ef678d02d) Importer(815301076,1909f56bfc062723c751e8b465ee728b)  -> (artifact id: '6cb3a332dd1fa764eb986307cf8c17e4') in 0.058508 seconds
Number of updated asset objects reloaded before import = 0
Number of asset objects unloaded after import = 0
========================================================================
Received Import Request.
  Time since last request: 17.712321 seconds.
  path: Assets/XiangPrefab/ConeProbuilder.prefab
  artifactKey: Guid(093250b58a3e94869af31f2db1763edd) Importer(815301076,1909f56bfc062723c751e8b465ee728b)
Start importing Assets/XiangPrefab/ConeProbuilder.prefab using Guid(093250b58a3e94869af31f2db1763edd) Importer(815301076,1909f56bfc062723c751e8b465ee728b)  -> (artifact id: '1c312bb298a0ea956a83ad318aa3868c') in 0.146225 seconds
Number of updated asset objects reloaded before import = 0
Number of asset objects unloaded after import = 9
========================================================================
Received Import Request.
  Time since last request: 230.797162 seconds.
  path: Assets/3D Game Kit - Props Pack/Props/Props/Materials/Statue_Mossy_Mat.mat
  artifactKey: Guid(3c82a8aa07a59ce478ec8ae1fc400584) Importer(815301076,1909f56bfc062723c751e8b465ee728b)
Start importing Assets/3D Game Kit - Props Pack/Props/Props/Materials/Statue_Mossy_Mat.mat using Guid(3c82a8aa07a59ce478ec8ae1fc400584) Importer(815301076,1909f56bfc062723c751e8b465ee728b)  -> (artifact id: '47f22982adf0d7ba318f15f6c17687d4') in 0.466723 seconds
Number of updated asset objects reloaded before import = 0
Number of asset objects unloaded after import = 10
========================================================================
Received Import Request.
  Time since last request: 0.000080 seconds.
  path: Packages/com.unity.probuilder/Content/Resources/Materials/VertexPicker.mat
  artifactKey: Guid(30a8575e1d4cc4e01a88ffbf4f973d80) Importer(815301076,1909f56bfc062723c751e8b465ee728b)
Start importing Packages/com.unity.probuilder/Content/Resources/Materials/VertexPicker.mat using Guid(30a8575e1d4cc4e01a88ffbf4f973d80) Importer(815301076,1909f56bfc062723c751e8b465ee728b)  -> (artifact id: '67395bc4ba93ee6e54753e0d9cf58236') in 0.007339 seconds
Number of updated asset objects reloaded before import = 0
Number of asset objects unloaded after import = 2
========================================================================
Received Import Request.
  Time since last request: 0.000096 seconds.
  path: Assets/Samples/Starter Assets/0.1.0/Controllers Sample/Environment/Shaders/URP_HDRP_ShaderGraph/UrpTriplanar.shadergraph
  artifactKey: Guid(b8d7679189d4a5940af46004f3870920) Importer(815301076,1909f56bfc062723c751e8b465ee728b)
Start importing Assets/Samples/Starter Assets/0.1.0/Controllers Sample/Environment/Shaders/URP_HDRP_ShaderGraph/UrpTriplanar.shadergraph using Guid(b8d7679189d4a5940af46004f3870920) Importer(815301076,1909f56bfc062723c751e8b465ee728b)  -> (artifact id: 'a17a91636981160ccbaf5db619885fda') in 0.185322 seconds
Number of updated asset objects reloaded before import = 0
Number of asset objects unloaded after import = 3
========================================================================
Received Import Request.
  Time since last request: 0.000070 seconds.
  path: Packages/com.unity.render-pipelines.universal/Runtime/Materials/TerrainLit.mat
  artifactKey: Guid(594ea882c5a793440b60ff72d896021e) Importer(815301076,1909f56bfc062723c751e8b465ee728b)
Start importing Packages/com.unity.render-pipelines.universal/Runtime/Materials/TerrainLit.mat using Guid(594ea882c5a793440b60ff72d896021e) Importer(815301076,1909f56bfc062723c751e8b465ee728b)  -> (artifact id: 'd8b71674446ec920a91178972e7c007b') in 1.078977 seconds
Number of updated asset objects reloaded before import = 0
Number of asset objects unloaded after import = 1
========================================================================
Received Import Request.
  Time since last request: 0.868082 seconds.
  path: Packages/com.unity.render-pipelines.universal/Shaders/2D/VFXSpriteUnlit.shadergraph
  artifactKey: Guid(d7288f66e4fb0634c9afef98c31b722a) Importer(815301076,1909f56bfc062723c751e8b465ee728b)
Start importing Packages/com.unity.render-pipelines.universal/Shaders/2D/VFXSpriteUnlit.shadergraph using Guid(d7288f66e4fb0634c9afef98c31b722a) Importer(815301076,1909f56bfc062723c751e8b465ee728b)  -> (artifact id: 'd121ef13cb0baffdc9dd7772820ba0dd') in 0.285659 seconds
Number of updated asset objects reloaded before import = 0
Number of asset objects unloaded after import = 3
========================================================================
Received Import Request.
  Time since last request: 0.307883 seconds.
  path: Assets/3D Game Kit - Props Pack/Props/Stonework/Materials/Wall01Broken_Mat.mat
  artifactKey: Guid(5d83db080be59c44d937740c3464c256) Importer(815301076,1909f56bfc062723c751e8b465ee728b)
Start importing Assets/3D Game Kit - Props Pack/Props/Stonework/Materials/Wall01Broken_Mat.mat using Guid(5d83db080be59c44d937740c3464c256) Importer(815301076,1909f56bfc062723c751e8b465ee728b)  -> (artifact id: '1831128b69fa1a2ceccb366c0781ece0') in 0.048967 seconds
Number of updated asset objects reloaded before import = 0
Number of asset objects unloaded after import = 10
========================================================================
Received Import Request.
  Time since last request: 0.000047 seconds.
  path: Assets/3D Game Kit - Props Pack/Props/Stonework/Materials/Wall02Broken_Mat.mat
  artifactKey: Guid(ed1d61f09b842f64f9eb2410a19ffe19) Importer(815301076,1909f56bfc062723c751e8b465ee728b)
Start importing Assets/3D Game Kit - Props Pack/Props/Stonework/Materials/Wall02Broken_Mat.mat using Guid(ed1d61f09b842f64f9eb2410a19ffe19) Importer(815301076,1909f56bfc062723c751e8b465ee728b)  -> (artifact id: '432cad39fe8f94be8aeabaa780cb2c12') in 0.030587 seconds
Number of updated asset objects reloaded before import = 0
Number of asset objects unloaded after import = 10
========================================================================
Received Import Request.
  Time since last request: 0.000190 seconds.
  path: Assets/3D Game Kit - Props Pack/Props/Stonework/Materials/WallHuge02_Mat.mat
  artifactKey: Guid(33b20ee5df496994b9fb18a571448a2d) Importer(815301076,1909f56bfc062723c751e8b465ee728b)
Start importing Assets/3D Game Kit - Props Pack/Props/Stonework/Materials/WallHuge02_Mat.mat using Guid(33b20ee5df496994b9fb18a571448a2d) Importer(815301076,1909f56bfc062723c751e8b465ee728b)  -> (artifact id: '45578d85e53202491e556c7ec17a8ee1') in 0.038260 seconds
Number of updated asset objects reloaded before import = 0
Number of asset objects unloaded after import = 10
========================================================================
Received Import Request.
  Time since last request: 0.869964 seconds.
  path: Assets/3D Game Kit - Props Pack/Props/Stonework/Materials/WallTall_Corner_mat.mat
  artifactKey: Guid(c8ce8ac43d3b78949ab5b0c47900a62c) Importer(815301076,1909f56bfc062723c751e8b465ee728b)
Start importing Assets/3D Game Kit - Props Pack/Props/Stonework/Materials/WallTall_Corner_mat.mat using Guid(c8ce8ac43d3b78949ab5b0c47900a62c) Importer(815301076,1909f56bfc062723c751e8b465ee728b)  -> (artifact id: 'f30567f6f04238d742fde2b52d0c1dce') in 0.047550 seconds
Number of updated asset objects reloaded before import = 0
Number of asset objects unloaded after import = 10
========================================================================
Received Import Request.
  Time since last request: 0.000041 seconds.
  path: Assets/3D Game Kit - Props Pack/Props/Props/Materials/WeaponPedestal_Mat.mat
  artifactKey: Guid(26ac4cde285117148acca917dc54b4ac) Importer(815301076,1909f56bfc062723c751e8b465ee728b)
Start importing Assets/3D Game Kit - Props Pack/Props/Props/Materials/WeaponPedestal_Mat.mat using Guid(26ac4cde285117148acca917dc54b4ac) Importer(815301076,1909f56bfc062723c751e8b465ee728b)  -> (artifact id: '58ba7ccd087343362e0a7443b4b8036c') in 0.019339 seconds
Number of updated asset objects reloaded before import = 0
Number of asset objects unloaded after import = 9
========================================================================
Received Import Request.
  Time since last request: 9.421675 seconds.
  path: Assets/3D Game Kit - Props Pack/Props/Props/Materials/Statue_Mat.mat
  artifactKey: Guid(811ad1a44bf374746a16997613754b11) Importer(815301076,1909f56bfc062723c751e8b465ee728b)
Start importing Assets/3D Game Kit - Props Pack/Props/Props/Materials/Statue_Mat.mat using Guid(811ad1a44bf374746a16997613754b11) Importer(815301076,1909f56bfc062723c751e8b465ee728b)  -> (artifact id: '3eb3c97b3bfb5931f148d4fa1b8c2c7e') in 0.025190 seconds
Number of updated asset objects reloaded before import = 0
Number of asset objects unloaded after import = 9
========================================================================
Received Import Request.
  Time since last request: 0.813428 seconds.
  path: Packages/com.unity.probuilder/Content/Resources/Materials/StandardVertexColorHDRP.mat
  artifactKey: Guid(c35693c079f3840f7938a4a323096e84) Importer(815301076,1909f56bfc062723c751e8b465ee728b)
Start importing Packages/com.unity.probuilder/Content/Resources/Materials/StandardVertexColorHDRP.mat using Guid(c35693c079f3840f7938a4a323096e84) Importer(815301076,1909f56bfc062723c751e8b465ee728b)  -> (artifact id: 'ec054f3d118feef09eb6cb602aa1ab89') in 0.011691 seconds
Number of updated asset objects reloaded before import = 0
Number of asset objects unloaded after import = 3
========================================================================
Received Import Request.
  Time since last request: 3.855359 seconds.
  path: Assets/3D Game Kit - Props Pack/Props/Stonework/Materials/StairsWideBroken_mat.mat
  artifactKey: Guid(5a0c1b5b20deb5340b82c3aa4b716c73) Importer(815301076,1909f56bfc062723c751e8b465ee728b)
Start importing Assets/3D Game Kit - Props Pack/Props/Stonework/Materials/StairsWideBroken_mat.mat using Guid(5a0c1b5b20deb5340b82c3aa4b716c73) Importer(815301076,1909f56bfc062723c751e8b465ee728b)  -> (artifact id: '9c919e676ac343f9efc1fe47f1601dd6') in 0.035257 seconds
Number of updated asset objects reloaded before import = 0
Number of asset objects unloaded after import = 9
========================================================================
Received Import Request.
  Time since last request: 0.000043 seconds.
  path: Assets/3D Game Kit - Props Pack/Props/Stonework/Materials/StairsNarrow01Broken_Mat.mat
  artifactKey: Guid(5caf37f41fd93d443a82f2fd01a16358) Importer(815301076,1909f56bfc062723c751e8b465ee728b)
Start importing Assets/3D Game Kit - Props Pack/Props/Stonework/Materials/StairsNarrow01Broken_Mat.mat using Guid(5caf37f41fd93d443a82f2fd01a16358) Importer(815301076,1909f56bfc062723c751e8b465ee728b)  -> (artifact id: 'cf9a7d141a3673e31c2bad3c2fcbf0c6') in 0.028704 seconds
Number of updated asset objects reloaded before import = 0
Number of asset objects unloaded after import = 9
========================================================================
Received Import Request.
  Time since last request: 0.000265 seconds.
  path: Assets/3D Game Kit - Props Pack/Props/Stonework/Materials/StairsExtension_Mat.mat
  artifactKey: Guid(aeba2987925798e4a8401bfd77cd1284) Importer(815301076,1909f56bfc062723c751e8b465ee728b)
Start importing Assets/3D Game Kit - Props Pack/Props/Stonework/Materials/StairsExtension_Mat.mat using Guid(aeba2987925798e4a8401bfd77cd1284) Importer(815301076,1909f56bfc062723c751e8b465ee728b)  -> (artifact id: '561fe7b3bf3d09c3535455e1dbd728ab') in 0.031611 seconds
Number of updated asset objects reloaded before import = 0
Number of asset objects unloaded after import = 9
========================================================================
Received Import Request.
  Time since last request: 0.377553 seconds.
  path: Assets/3DGamekitLite/Art/Materials/Effects/Characters/Ellen/Staff_Swish_Mat.mat
  artifactKey: Guid(48505c163fc169d4fb42d6bdd7f9d5be) Importer(815301076,1909f56bfc062723c751e8b465ee728b)
Start importing Assets/3DGamekitLite/Art/Materials/Effects/Characters/Ellen/Staff_Swish_Mat.mat using Guid(48505c163fc169d4fb42d6bdd7f9d5be) Importer(815301076,1909f56bfc062723c751e8b465ee728b)  -> (artifact id: '47cfe4c390a4d71353282215f9211cf9') in 0.028297 seconds
Number of updated asset objects reloaded before import = 0
Number of asset objects unloaded after import = 3
========================================================================
Received Import Request.
  Time since last request: 1.344135 seconds.
  path: Assets/3D Game Kit - Character Pack/Characters/Ellen/Weapons/Materials/Staff_Mat.mat
  artifactKey: Guid(0e974c7294e486e4cb42482e61c0c4de) Importer(815301076,1909f56bfc062723c751e8b465ee728b)
Start importing Assets/3D Game Kit - Character Pack/Characters/Ellen/Weapons/Materials/Staff_Mat.mat using Guid(0e974c7294e486e4cb42482e61c0c4de) Importer(815301076,1909f56bfc062723c751e8b465ee728b)  -> (artifact id: '4943194272de36663385c7b3189f529c') in 0.059249 seconds
Number of updated asset objects reloaded before import = 0
Number of asset objects unloaded after import = 7
========================================================================
Received Import Request.
  Time since last request: 0.000042 seconds.
  path: Assets/3DGamekitLite/Art/Materials/Effects/Characters/Ellen/Staff_Hit_Particle_02_Mat.mat
  artifactKey: Guid(0f4efccdf378e6147af35229e90f220f) Importer(815301076,1909f56bfc062723c751e8b465ee728b)
Start importing Assets/3DGamekitLite/Art/Materials/Effects/Characters/Ellen/Staff_Hit_Particle_02_Mat.mat using Guid(0f4efccdf378e6147af35229e90f220f) Importer(815301076,1909f56bfc062723c751e8b465ee728b)  -> (artifact id: '0444607df28096b8151ceb3b1a284e91') in 0.204116 seconds
Number of updated asset objects reloaded before import = 0
Number of asset objects unloaded after import = 3
========================================================================
Received Import Request.
  Time since last request: 4.885782 seconds.
  path: Packages/com.unity.render-pipelines.universal/Runtime/Materials/Sprite-Unlit-Default.mat
  artifactKey: Guid(9dfc825aed78fcd4ba02077103263b40) Importer(815301076,1909f56bfc062723c751e8b465ee728b)
Start importing Packages/com.unity.render-pipelines.universal/Runtime/Materials/Sprite-Unlit-Default.mat using Guid(9dfc825aed78fcd4ba02077103263b40) Importer(815301076,1909f56bfc062723c751e8b465ee728b)  -> (artifact id: '5441d9f4e7da37588d68eeb90a6270a9') in 0.022136 seconds
Number of updated asset objects reloaded before import = 0
Number of asset objects unloaded after import = 2
========================================================================
Received Import Request.
  Time since last request: 0.041684 seconds.
  path: Assets/3DGamekitLite/Art/Materials/Effects/Characters/Spitter/Spitter_Projectile_Mat.mat
  artifactKey: Guid(6f4f80c58fd00ff43939f8bd6c158967) Importer(815301076,1909f56bfc062723c751e8b465ee728b)
Start importing Assets/3DGamekitLite/Art/Materials/Effects/Characters/Spitter/Spitter_Projectile_Mat.mat using Guid(6f4f80c58fd00ff43939f8bd6c158967) Importer(815301076,1909f56bfc062723c751e8b465ee728b)  -> (artifact id: '38308192b8a795d804a3d4eb3da38057') in 0.707368 seconds
Number of updated asset objects reloaded before import = 0
Number of asset objects unloaded after import = 2
========================================================================
Received Import Request.
  Time since last request: 2.822906 seconds.
  path: Packages/com.unity.render-pipelines.universal/Shaders/Nature/SpeedTree8_PBRLit.shadergraph
  artifactKey: Guid(9920c1f1781549a46ba081a2a15a16ec) Importer(815301076,1909f56bfc062723c751e8b465ee728b)
Start importing Packages/com.unity.render-pipelines.universal/Shaders/Nature/SpeedTree8_PBRLit.shadergraph using Guid(9920c1f1781549a46ba081a2a15a16ec) Importer(815301076,1909f56bfc062723c751e8b465ee728b)  -> (artifact id: 'c0817839212513ec1cce300341959d82') in 2.185065 seconds
Number of updated asset objects reloaded before import = 0
Number of asset objects unloaded after import = 2
========================================================================
Received Import Request.
  Time since last request: 5.672227 seconds.
  path: Assets/3DGamekitLite/Art/Materials/Effects/Soft_Round_Particle_Mat.mat
  artifactKey: Guid(82a7b841a67e01c4ebb2e73662c7d17f) Importer(815301076,1909f56bfc062723c751e8b465ee728b)
Start importing Assets/3DGamekitLite/Art/Materials/Effects/Soft_Round_Particle_Mat.mat using Guid(82a7b841a67e01c4ebb2e73662c7d17f) Importer(815301076,1909f56bfc062723c751e8b465ee728b)  -> (artifact id: 'd6ad440b3c574a2937043b3e4ed52de3') in 0.050134 seconds
Number of updated asset objects reloaded before import = 0
Number of asset objects unloaded after import = 3
========================================================================
Received Import Request.
  Time since last request: 0.382275 seconds.
  path: Assets/Samples/Starter Assets/0.1.0/Controllers Sample/Environment/Art/Skybox/SkyboxLite.mat
  artifactKey: Guid(f6c51332ac7d92541a38fb263b09d2a8) Importer(815301076,1909f56bfc062723c751e8b465ee728b)
Start importing Assets/Samples/Starter Assets/0.1.0/Controllers Sample/Environment/Art/Skybox/SkyboxLite.mat using Guid(f6c51332ac7d92541a38fb263b09d2a8) Importer(815301076,1909f56bfc062723c751e8b465ee728b)  -> (artifact id: '475cf614701bb8175319f722ee8597f5') in 0.020850 seconds
Number of updated asset objects reloaded before import = 0
Number of asset objects unloaded after import = 2
========================================================================
Received Import Request.
  Time since last request: 0.847801 seconds.
  path: Packages/com.unity.render-pipelines.universal/Runtime/Materials/SimpleLit.mat
  artifactKey: Guid(6a1143ee683302f4aa628c052723efc1) Importer(815301076,1909f56bfc062723c751e8b465ee728b)
Start importing Packages/com.unity.render-pipelines.universal/Runtime/Materials/SimpleLit.mat using Guid(6a1143ee683302f4aa628c052723efc1) Importer(815301076,1909f56bfc062723c751e8b465ee728b)  -> (artifact id: 'c12b5a8de8060fc3835eda66c70b4fdf') in 0.768850 seconds
Number of updated asset objects reloaded before import = 0
Number of asset objects unloaded after import = 2
